<?xml version="1.0" encoding="UTF-8"?>
<!-- Generated by org.testng.reporters.JUnitXMLReporter -->
<testsuite hostname="hp" ignored="0" name="Testing all class in single shot" tests="22" failures="0" timestamp="06 May 2019 17:25:26 GMT" time="0.113" errors="0">
  <testcase name="sub" time="0.006" classname="com.testng.prog.Invocationcount"/>
  <testcase name="sub" time="0.002" classname="com.testng.prog.Invocationcount"/>
  <testcase name="sub" time="0.001" classname="com.testng.prog.Invocationcount"/>
  <testcase name="sub" time="0.001" classname="com.testng.prog.Invocationcount"/>
  <testcase name="sub" time="0.002" classname="com.testng.prog.Invocationcount"/>
  <testcase name="sub" time="0.001" classname="com.testng.prog.Invocationcount"/>
  <testcase name="sub" time="0.002" classname="com.testng.prog.Invocationcount"/>
  <testcase name="sub" time="0.001" classname="com.testng.prog.Invocationcount"/>
  <testcase name="sub" time="0.001" classname="com.testng.prog.Invocationcount"/>
  <testcase name="sub" time="0.002" classname="com.testng.prog.Invocationcount"/>
  <testcase name="sum" time="0.001" classname="com.testng.prog.Invocationcount"/>
  <testcase name="sum" time="0.002" classname="com.testng.prog.Invocationcount"/>
  <testcase name="sum" time="0.002" classname="com.testng.prog.Invocationcount"/>
  <testcase name="sum" time="0.004" classname="com.testng.prog.Invocationcount"/>
  <testcase name="sum" time="0.003" classname="com.testng.prog.Invocationcount"/>
  <testcase name="sum" time="0.003" classname="com.testng.prog.Invocationcount"/>
  <testcase name="sum" time="0.002" classname="com.testng.prog.Invocationcount"/>
  <testcase name="sum" time="0.001" classname="com.testng.prog.Invocationcount"/>
  <testcase name="sum" time="0.001" classname="com.testng.prog.Invocationcount"/>
  <testcase name="sum" time="0.001" classname="com.testng.prog.Invocationcount"/>
  <testcase name="googletitletest" time="0.001" classname="com.testng.prog.Testngprog"/>
  <testcase name="validationfields" time="0.001" classname="com.testng.prog.Testngprog"/>
</testsuite> <!-- Testing all class in single shot -->
