<?xml version="1.0" encoding="UTF-8"?>
<testng-results skipped="0" failed="0" ignored="0" total="22" passed="22">
  <reporter-output>
  </reporter-output>
  <suite name="TestNG Ram Session" duration-ms="113" started-at="2019-05-06T17:25:26Z" finished-at="2019-05-06T17:25:26Z">
    <groups>
      <group name="SignIn">
        <method signature="MailTestprog.signin()[pri:3, instance:com.testng.prog.MailTestprog@4cc0edeb]" name="signin" class="com.testng.prog.MailTestprog"/>
        <method signature="Assertionprog.signin()[pri:3, instance:com.testng.prog.Assertionprog@1b604f19]" name="signin" class="com.testng.prog.Assertionprog"/>
      </group> <!-- SignIn -->
      <group name="Title">
        <method signature="MailTestprog.title()[pri:2, instance:com.testng.prog.MailTestprog@4cc0edeb]" name="title" class="com.testng.prog.MailTestprog"/>
        <method signature="Assertionprog.title()[pri:2, instance:com.testng.prog.Assertionprog@1b604f19]" name="title" class="com.testng.prog.Assertionprog"/>
      </group> <!-- Title -->
      <group name="Login">
        <method signature="MailTestprog.login()[pri:1, instance:com.testng.prog.MailTestprog@4cc0edeb]" name="login" class="com.testng.prog.MailTestprog"/>
        <method signature="Assertionprog.login()[pri:1, instance:com.testng.prog.Assertionprog@1b604f19]" name="login" class="com.testng.prog.Assertionprog"/>
      </group> <!-- Login -->
    </groups>
    <test name="Testing all class in single shot" duration-ms="113" started-at="2019-05-06T17:25:26Z" finished-at="2019-05-06T17:25:26Z">
      <class name="com.testng.prog.Testngprog">
        <test-method status="PASS" signature="setUp()[pri:0, instance:com.testng.prog.Testngprog@1593948d]" name="setUp" is-config="true" duration-ms="9" started-at="2019-05-06T17:25:26Z" finished-at="2019-05-06T17:25:26Z">
          <reporter-output>
          </reporter-output>
        </test-method> <!-- setUp -->
        <test-method status="PASS" signature="login()[pri:0, instance:com.testng.prog.Testngprog@1593948d]" name="login" is-config="true" duration-ms="0" started-at="2019-05-06T17:25:26Z" finished-at="2019-05-06T17:25:26Z">
          <reporter-output>
          </reporter-output>
        </test-method> <!-- login -->
        <test-method status="PASS" signature="launchbrowser()[pri:0, instance:com.testng.prog.Testngprog@1593948d]" name="launchbrowser" is-config="true" duration-ms="1" started-at="2019-05-06T17:25:26Z" finished-at="2019-05-06T17:25:26Z">
          <reporter-output>
          </reporter-output>
        </test-method> <!-- launchbrowser -->
        <test-method status="PASS" signature="enterurl()[pri:0, instance:com.testng.prog.Testngprog@1593948d]" name="enterurl" is-config="true" duration-ms="0" started-at="2019-05-06T17:25:26Z" finished-at="2019-05-06T17:25:26Z">
          <reporter-output>
          </reporter-output>
        </test-method> <!-- enterurl -->
        <test-method status="PASS" signature="googletitletest()[pri:0, instance:com.testng.prog.Testngprog@1593948d]" name="googletitletest" duration-ms="1" started-at="2019-05-06T17:25:26Z" finished-at="2019-05-06T17:25:26Z">
          <reporter-output>
          </reporter-output>
        </test-method> <!-- googletitletest -->
        <test-method status="PASS" signature="logout()[pri:0, instance:com.testng.prog.Testngprog@1593948d]" name="logout" is-config="true" duration-ms="0" started-at="2019-05-06T17:25:26Z" finished-at="2019-05-06T17:25:26Z">
          <reporter-output>
          </reporter-output>
        </test-method> <!-- logout -->
        <test-method status="PASS" signature="validationfields()[pri:0, instance:com.testng.prog.Testngprog@1593948d]" name="validationfields" duration-ms="1" started-at="2019-05-06T17:25:26Z" finished-at="2019-05-06T17:25:26Z">
          <reporter-output>
          </reporter-output>
        </test-method> <!-- validationfields -->
        <test-method status="PASS" signature="enterurl()[pri:0, instance:com.testng.prog.Testngprog@1593948d]" name="enterurl" is-config="true" duration-ms="0" started-at="2019-05-06T17:25:26Z" finished-at="2019-05-06T17:25:26Z">
          <reporter-output>
          </reporter-output>
        </test-method> <!-- enterurl -->
        <test-method status="PASS" signature="closebrowser()[pri:0, instance:com.testng.prog.Testngprog@1593948d]" name="closebrowser" is-config="true" duration-ms="1" started-at="2019-05-06T17:25:26Z" finished-at="2019-05-06T17:25:26Z">
          <reporter-output>
          </reporter-output>
        </test-method> <!-- closebrowser -->
        <test-method status="PASS" signature="logout()[pri:0, instance:com.testng.prog.Testngprog@1593948d]" name="logout" is-config="true" duration-ms="0" started-at="2019-05-06T17:25:26Z" finished-at="2019-05-06T17:25:26Z">
          <reporter-output>
          </reporter-output>
        </test-method> <!-- logout -->
        <test-method status="PASS" signature="deleteallcookies()[pri:0, instance:com.testng.prog.Testngprog@1593948d]" name="deleteallcookies" is-config="true" duration-ms="0" started-at="2019-05-06T17:25:26Z" finished-at="2019-05-06T17:25:26Z">
          <reporter-output>
          </reporter-output>
        </test-method> <!-- deleteallcookies -->
      </class> <!-- com.testng.prog.Testngprog -->
      <class name="com.testng.prog.Invocationcount">
        <test-method status="PASS" signature="sub()[pri:0, instance:com.testng.prog.Invocationcount@7823a2f9]" name="sub" duration-ms="6" started-at="2019-05-06T17:25:26Z" finished-at="2019-05-06T17:25:26Z">
          <reporter-output>
          </reporter-output>
        </test-method> <!-- sub -->
        <test-method status="PASS" signature="sub()[pri:0, instance:com.testng.prog.Invocationcount@7823a2f9]" name="sub" duration-ms="2" started-at="2019-05-06T17:25:26Z" finished-at="2019-05-06T17:25:26Z">
          <reporter-output>
          </reporter-output>
        </test-method> <!-- sub -->
        <test-method status="PASS" signature="sub()[pri:0, instance:com.testng.prog.Invocationcount@7823a2f9]" name="sub" duration-ms="1" started-at="2019-05-06T17:25:26Z" finished-at="2019-05-06T17:25:26Z">
          <reporter-output>
          </reporter-output>
        </test-method> <!-- sub -->
        <test-method status="PASS" signature="sub()[pri:0, instance:com.testng.prog.Invocationcount@7823a2f9]" name="sub" duration-ms="1" started-at="2019-05-06T17:25:26Z" finished-at="2019-05-06T17:25:26Z">
          <reporter-output>
          </reporter-output>
        </test-method> <!-- sub -->
        <test-method status="PASS" signature="sub()[pri:0, instance:com.testng.prog.Invocationcount@7823a2f9]" name="sub" duration-ms="2" started-at="2019-05-06T17:25:26Z" finished-at="2019-05-06T17:25:26Z">
          <reporter-output>
          </reporter-output>
        </test-method> <!-- sub -->
        <test-method status="PASS" signature="sub()[pri:0, instance:com.testng.prog.Invocationcount@7823a2f9]" name="sub" duration-ms="1" started-at="2019-05-06T17:25:26Z" finished-at="2019-05-06T17:25:26Z">
          <reporter-output>
          </reporter-output>
        </test-method> <!-- sub -->
        <test-method status="PASS" signature="sub()[pri:0, instance:com.testng.prog.Invocationcount@7823a2f9]" name="sub" duration-ms="2" started-at="2019-05-06T17:25:26Z" finished-at="2019-05-06T17:25:26Z">
          <reporter-output>
          </reporter-output>
        </test-method> <!-- sub -->
        <test-method status="PASS" signature="sub()[pri:0, instance:com.testng.prog.Invocationcount@7823a2f9]" name="sub" duration-ms="1" started-at="2019-05-06T17:25:26Z" finished-at="2019-05-06T17:25:26Z">
          <reporter-output>
          </reporter-output>
        </test-method> <!-- sub -->
        <test-method status="PASS" signature="sub()[pri:0, instance:com.testng.prog.Invocationcount@7823a2f9]" name="sub" duration-ms="1" started-at="2019-05-06T17:25:26Z" finished-at="2019-05-06T17:25:26Z">
          <reporter-output>
          </reporter-output>
        </test-method> <!-- sub -->
        <test-method status="PASS" signature="sub()[pri:0, instance:com.testng.prog.Invocationcount@7823a2f9]" name="sub" duration-ms="2" started-at="2019-05-06T17:25:26Z" finished-at="2019-05-06T17:25:26Z">
          <reporter-output>
          </reporter-output>
        </test-method> <!-- sub -->
        <test-method status="PASS" signature="sum()[pri:0, instance:com.testng.prog.Invocationcount@7823a2f9]" name="sum" duration-ms="1" started-at="2019-05-06T17:25:26Z" finished-at="2019-05-06T17:25:26Z">
          <reporter-output>
          </reporter-output>
        </test-method> <!-- sum -->
        <test-method status="PASS" signature="sum()[pri:0, instance:com.testng.prog.Invocationcount@7823a2f9]" name="sum" duration-ms="2" started-at="2019-05-06T17:25:26Z" finished-at="2019-05-06T17:25:26Z">
          <reporter-output>
          </reporter-output>
        </test-method> <!-- sum -->
        <test-method status="PASS" signature="sum()[pri:0, instance:com.testng.prog.Invocationcount@7823a2f9]" name="sum" duration-ms="2" started-at="2019-05-06T17:25:26Z" finished-at="2019-05-06T17:25:26Z">
          <reporter-output>
          </reporter-output>
        </test-method> <!-- sum -->
        <test-method status="PASS" signature="sum()[pri:0, instance:com.testng.prog.Invocationcount@7823a2f9]" name="sum" duration-ms="4" started-at="2019-05-06T17:25:26Z" finished-at="2019-05-06T17:25:26Z">
          <reporter-output>
          </reporter-output>
        </test-method> <!-- sum -->
        <test-method status="PASS" signature="sum()[pri:0, instance:com.testng.prog.Invocationcount@7823a2f9]" name="sum" duration-ms="3" started-at="2019-05-06T17:25:26Z" finished-at="2019-05-06T17:25:26Z">
          <reporter-output>
          </reporter-output>
        </test-method> <!-- sum -->
        <test-method status="PASS" signature="sum()[pri:0, instance:com.testng.prog.Invocationcount@7823a2f9]" name="sum" duration-ms="3" started-at="2019-05-06T17:25:26Z" finished-at="2019-05-06T17:25:26Z">
          <reporter-output>
          </reporter-output>
        </test-method> <!-- sum -->
        <test-method status="PASS" signature="sum()[pri:0, instance:com.testng.prog.Invocationcount@7823a2f9]" name="sum" duration-ms="2" started-at="2019-05-06T17:25:26Z" finished-at="2019-05-06T17:25:26Z">
          <reporter-output>
          </reporter-output>
        </test-method> <!-- sum -->
        <test-method status="PASS" signature="sum()[pri:0, instance:com.testng.prog.Invocationcount@7823a2f9]" name="sum" duration-ms="1" started-at="2019-05-06T17:25:26Z" finished-at="2019-05-06T17:25:26Z">
          <reporter-output>
          </reporter-output>
        </test-method> <!-- sum -->
        <test-method status="PASS" signature="sum()[pri:0, instance:com.testng.prog.Invocationcount@7823a2f9]" name="sum" duration-ms="1" started-at="2019-05-06T17:25:26Z" finished-at="2019-05-06T17:25:26Z">
          <reporter-output>
          </reporter-output>
        </test-method> <!-- sum -->
        <test-method status="PASS" signature="sum()[pri:0, instance:com.testng.prog.Invocationcount@7823a2f9]" name="sum" duration-ms="1" started-at="2019-05-06T17:25:26Z" finished-at="2019-05-06T17:25:26Z">
          <reporter-output>
          </reporter-output>
        </test-method> <!-- sum -->
      </class> <!-- com.testng.prog.Invocationcount -->
    </test> <!-- Testing all class in single shot -->
  </suite> <!-- TestNG Ram Session -->
</testng-results>
